Arguments: 
  C:\Program Files\nodejs\node.exe C:\Users\yaposhytiil\AppData\Roaming\npm\node_modules\yarn\bin\yarn.js run jest

PATH: 
  C:\Program Files\Common Files\Oracle\Java\javapath;C:\ProgramData\Oracle\Java\javapath;C:\Program Files\Common Files\Microsoft Shared\Windows Live;C:\Program Files\NVIDIA Corporation\PhysX\Common;C:\Windows\system32;C:\Windows;C:\Windows\System32\Wbem;C:\Windows\System32\WindowsPowerShell\v1.0\;C:\Program Files\GtkSharp\2.12\bin;C:\Program Files\Git\cmd;C:\Program Files\Microsoft VS Code\bin;C:\Program Files\nodejs\;C:\Program Files\Common Files\Oracle\Java\javapath;C:\ProgramData\Oracle\Java\javapath;C:\Program Files\Common Files\Microsoft Shared\Windows Live;C:\Program Files\NVIDIA Corporation\PhysX\Common;C:\Windows\system32;C:\Windows;C:\Windows\System32\Wbem;C:\Windows\System32\WindowsPowerShell\v1.0\;C:\Program Files\Skype\Phone\;C:\Program Files\GtkSharp\2.12\bin;C:\Program Files\Git\cmd;C:\Program Files\Microsoft VS Code\bin;C:\Program Files\nodejs\;C:\Users\yaposhytiil\AppData\Roaming\npm

Yarn version: 
  1.10.1

Node version: 
  8.11.3

Platform: 
  win32 ia32

Trace: 
  SyntaxError: C:\rewrite\package.json: Unexpected end of JSON input
      at JSON.parse (<anonymous>)
      at C:\Users\yaposhytiil\AppData\Roaming\npm\node_modules\yarn\lib\cli.js:1136:59
      at Generator.next (<anonymous>)
      at step (C:\Users\yaposhytiil\AppData\Roaming\npm\node_modules\yarn\lib\cli.js:98:30)
      at C:\Users\yaposhytiil\AppData\Roaming\npm\node_modules\yarn\lib\cli.js:109:13
      at <anonymous>

npm manifest: 
  {
    "name": "rewrite",
    "version": "0.1.0",
     "jest": {
      "moduleNameMapper": {
        "\\.(jpg|jpeg|png|gif|eot|otf|webp|svg|ttf|woff|woff2|mp4|webm|wav|mp3|m4a|aac|oga)$": "<rootDir>/__mocks__/fileMock.js",
        "\\.(css|less)$": "<rootDir>/__mocks__/styleMock.js"
      },
    "babel": {
    "presets": ["env", "react"]
  },
    "private": true,
    "dependencies": {
      "axios": "^0.18.0",
      "bootstrap": "^4.1.3",
      "react": "^16.5.2",
      "react-dom": "^16.5.2",
      "react-router-dom": "^4.3.1",
      "react-scripts": "1.1.5"
    },
    "devDependencies": {
      "babel-jest": "*",
      "babel-preset-env": "*",
      "babel-preset-react": "*",
      "jest": "*",
      "enzyme": "*",
      "react-addons-test-utils": "*",
      "react-test-renderer": "*"
    },
    "scripts": {
      "start": "react-scripts start",
      "build": "react-scripts build",
      "test": "npm run jest --watchAll",
      "jest": "jest --env=node --colors --coverage test --watchAll",
      "eject": "react-scripts eject"
    }
  }

yarn manifest: 
  No manifest

Lockfile: 
  No lockfile
